21:34:07 **** Incremental Build of configuration Debug for project mini_project3 ****
make all 
Building file: ../APP/main.c
Invoking: AVR Compiler
avr-gcc -Wall -g2 -gstabs -O0 -fpack-struct -fshort-enums -ffunction-sections -fdata-sections -std=gnu99 -funsigned-char -funsigned-bitfields -mmcu=atmega32 -DF_CPU=1000000UL -MMD -MP -MF"APP/main.d" -MT"APP/main.o" -c -o "APP/main.o" "../APP/main.c"
../APP/main.c: In function 'main':
../APP/main.c:22: warning: pointer targets in passing argument 1 of 'LCD_displayStringRowColumn' differ in signedness
../APP/main.c:24: warning: pointer targets in passing argument 1 of 'LCD_displayStringRowColumn' differ in signedness
../APP/main.c:33: warning: pointer targets in passing argument 1 of 'LCD_displayStringRowColumn' differ in signedness
../APP/main.c:41: warning: pointer targets in passing argument 1 of 'LCD_displayStringRowColumn' differ in signedness
../APP/main.c:49: warning: pointer targets in passing argument 1 of 'LCD_displayStringRowColumn' differ in signedness
../APP/main.c:57: warning: pointer targets in passing argument 1 of 'LCD_displayStringRowColumn' differ in signedness
../APP/main.c:65: warning: pointer targets in passing argument 1 of 'LCD_displayStringRowColumn' differ in signedness
Finished building: ../APP/main.c
 
Building target: mini_project3.elf
Invoking: AVR C Linker
avr-gcc -Wl,-Map,mini_project3.map -mmcu=atmega32 -o "mini_project3.elf"  ./APP/HAL/MCAL/ADC.o ./APP/HAL/MCAL/PWM.o ./APP/HAL/MCAL/gpio.o  ./APP/HAL/DCmotor.o ./APP/HAL/LCD.o ./APP/HAL/LM35.o  ./APP/main.o   
Finished building target: mini_project3.elf
 
Invoking: AVR Create Extended Listing
avr-objdump -h -S mini_project3.elf  >"mini_project3.lss"
Finished building: mini_project3.lss
 
Invoking: Print Size
avr-size --format=avr --mcu=atmega32 mini_project3.elf
AVR Memory Usage
----------------
Device: atmega32

Program:    9862 bytes (30.1% Full)
(.text + .data + .bootloader)

Data:        316 bytes (15.4% Full)
(.data + .bss + .noinit)


Finished building: sizedummy
 
